<?xml version="1.0" encoding="UTF-8"?>
<testsuite name="logictest.KernelTest" time="0.048" tests="1" errors="1" skipped="0" failures="0">
  <properties>
[...]
</properties>
  <testcase name="logictest.KernelTest" classname="logictest.KernelTest" time="0.048">
    <error message="org/slf4j/LoggerFactory" type="java.lang.NoClassDefFoundError"><![CDATA[java.lang.NoClassDefFoundError: org/slf4j/LoggerFactory
	at java.net.URLClassLoader$1.run(URLClassLoader.java:366)
	at java.net.URLClassLoader$1.run(URLClassLoader.java:355)
	at java.security.AccessController.doPrivileged(Native Method)
	at java.net.URLClassLoader.findClass(URLClassLoader.java:354)
	at java.lang.ClassLoader.loadClass(ClassLoader.java:425)
	at sun.misc.Launcher$AppClassLoader.loadClass(Launcher.java:308)
	at java.lang.ClassLoader.loadClass(ClassLoader.java:358)
	at org.cytoscape.service.util.AbstractCyActivator.<clinit>(AbstractCyActivator.java:53)
	at logictest.KernelTest.setUpClass(KernelTest.java:36)
]]></error>
  </testcase>
</testsuite>